{
  "Unit Tests": {
    "coverage": {
      "/Users/joscas/projects2/base_app/app/models/user.rb": [
        1,
        1,
        null,
        null,
        1,
        null,
        null,
        null,
        null,
        null,
        1,
        null,
        1,
        1,
        null,
        1,
        1,
        null,
        null,
        1,
        1,
        null,
        null,
        1,
        1,
        null,
        null,
        1,
        null,
        null,
        1,
        1,
        1,
        1,
        1,
        null,
        null,
        null,
        null,
        null,
        null,
        null,
        null,
        null,
        null,
        null,
        null,
        null,
        1,
        null,
        1,
        0,
        0,
        null,
        0,
        0,
        null,
        null,
        null,
        null,
        0,
        null,
        null
      ],
      "/Users/joscas/projects2/base_app/app/controllers/application_controller.rb": [
        1,
        1,
        null
      ],
      "/Users/joscas/projects2/base_app/app/helpers/application_helper.rb": [
        1,
        null
      ],
      "/Users/joscas/projects2/base_app/app/controllers/auth_controller.rb": [
        1,
        null,
        1,
        null,
        1,
        0,
        null,
        0,
        null,
        null,
        null,
        1,
        0,
        0,
        null,
        null,
        null
      ],
      "/Users/joscas/projects2/base_app/app/controllers/base_controller.rb": [
        1,
        1,
        1,
        1,
        null,
        1,
        null,
        1,
        0,
        null,
        null
      ],
      "/Users/joscas/projects2/base_app/app/controllers/omniauth_callbacks_controller.rb": [
        1,
        1,
        0,
        null,
        null,
        1,
        0,
        null,
        null,
        1,
        0,
        0,
        null,
        0,
        0,
        0,
        null,
        0,
        0,
        null,
        0,
        null,
        null,
        null,
        1,
        0,
        0,
        null,
        null
      ],
      "/Users/joscas/projects2/base_app/app/controllers/registrations_controller.rb": [
        1,
        1,
        null,
        1,
        0,
        0,
        0,
        0,
        null,
        null,
        0,
        null,
        null,
        null,
        null,
        1,
        0,
        0,
        null,
        0,
        0,
        null,
        0,
        0,
        null,
        null,
        null,
        1,
        1,
        0,
        0,
        null,
        null,
        null
      ],
      "/Users/joscas/projects2/base_app/app/controllers/sessions_controller.rb": [
        1,
        null,
        1,
        0,
        0,
        null,
        null,
        0,
        null,
        0,
        null,
        0,
        0,
        null,
        null,
        null,
        0,
        0,
        0,
        null,
        0,
        null,
        null,
        1,
        0,
        null,
        0,
        0,
        null,
        0,
        0,
        null,
        null,
        1,
        null,
        1,
        0,
        0,
        null,
        null,
        1,
        0,
        0,
        null,
        null,
        1,
        0,
        0,
        0,
        0,
        null,
        null,
        null,
        null,
        1,
        0,
        0,
        null,
        null,
        1,
        0,
        0,
        0,
        null,
        null
      ],
      "/Users/joscas/projects2/base_app/app/controllers/users_controller.rb": [
        1,
        1,
        1,
        1,
        null,
        1,
        0,
        null,
        null
      ],
      "/Users/joscas/projects2/base_app/app/serializers/user_serializer.rb": [
        1,
        1,
        null,
        1,
        0,
        null,
        null
      ]
    },
    "timestamp": 1365187870
  },
  "RSpec": {
    "coverage": {
      "/Users/joscas/projects2/base_app/app/models/user.rb": [
        1,
        1,
        null,
        null,
        1,
        null,
        null,
        null,
        null,
        null,
        1,
        null,
        1,
        1,
        null,
        1,
        1,
        null,
        null,
        1,
        1,
        null,
        null,
        1,
        1,
        null,
        null,
        1,
        null,
        null,
        1,
        1,
        1,
        1,
        1,
        null,
        null,
        null,
        null,
        null,
        null,
        null,
        null,
        null,
        null,
        null,
        null,
        null,
        1,
        null,
        1,
        0,
        0,
        null,
        0,
        0,
        null,
        null,
        null,
        null,
        0,
        null,
        null
      ],
      "/Users/joscas/projects2/base_app/app/controllers/application_controller.rb": [
        1,
        1,
        1,
        null
      ],
      "/Users/joscas/projects2/base_app/app/helpers/application_helper.rb": [
        1,
        null
      ],
      "/Users/joscas/projects2/base_app/app/helpers/auth_helper.rb": [
        1,
        null,
        1,
        0,
        0,
        null,
        null,
        null,
        null,
        1,
        0,
        0,
        0,
        null,
        null,
        null
      ],
      "/Users/joscas/projects2/base_app/app/controllers/omniauth_callbacks_controller.rb": [
        1,
        1,
        0,
        null,
        null,
        1,
        0,
        null,
        null,
        1,
        0,
        0,
        null,
        0,
        0,
        0,
        null,
        0,
        0,
        null,
        0,
        null,
        null,
        null,
        1,
        0,
        0,
        null,
        null
      ],
      "/Users/joscas/projects2/base_app/app/controllers/registrations_controller.rb": [
        1,
        1,
        null,
        1,
        0,
        0,
        0,
        0,
        null,
        null,
        0,
        null,
        null,
        null,
        null,
        1,
        0,
        0,
        null,
        0,
        0,
        null,
        0,
        0,
        null,
        null,
        null,
        1,
        1,
        0,
        0,
        null,
        null,
        null
      ],
      "/Users/joscas/projects2/base_app/app/controllers/sessions_controller.rb": [
        1,
        null,
        1,
        5,
        1,
        null,
        null,
        4,
        null,
        4,
        null,
        3,
        3,
        null,
        null,
        null,
        3,
        0,
        0,
        null,
        3,
        null,
        null,
        1,
        4,
        null,
        3,
        3,
        null,
        2,
        2,
        null,
        null,
        1,
        null,
        1,
        2,
        2,
        null,
        null,
        1,
        2,
        2,
        null,
        null,
        1,
        0,
        0,
        null,
        null,
        1,
        0,
        0,
        0,
        null,
        null,
        1,
        4,
        4,
        4,
        3,
        null,
        null,
        null,
        null,
        null
      ],
      "/Users/joscas/projects2/base_app/app/controllers/users_controller.rb": [
        1,
        1,
        1,
        1,
        null,
        1,
        0,
        null,
        null,
        1,
        0,
        null,
        null
      ],
      "/Users/joscas/projects2/base_app/app/serializers/user_serializer.rb": [
        1,
        1,
        null,
        1,
        0,
        null,
        null
      ]
    },
    "timestamp": 1365363769
  }
}
