{
  "Unit Tests": {
    "coverage": {
      "/Users/joscas/projects2/base_app/app/models/user.rb": [
        1,
        1,
        null,
        null,
        1,
        null,
        null,
        null,
        null,
        null,
        1,
        null,
        1,
        1,
        null,
        1,
        1,
        null,
        null,
        1,
        1,
        null,
        null,
        1,
        1,
        null,
        null,
        1,
        null,
        null,
        1,
        1,
        1,
        1,
        1,
        null,
        null,
        null,
        null,
        null,
        null,
        null,
        null,
        null,
        null,
        null,
        null,
        null,
        1,
        null,
        1,
        0,
        0,
        null,
        0,
        null,
        0,
        null,
        0,
        0,
        null,
        null,
        null,
        null,
        0,
        null,
        null
      ],
      "/Users/joscas/projects2/base_app/app/controllers/application_controller.rb": [
        1,
        1,
        1,
        null
      ],
      "/Users/joscas/projects2/base_app/app/helpers/application_helper.rb": [
        1,
        null
      ],
      "/Users/joscas/projects2/base_app/app/helpers/auth_helper.rb": [
        1,
        null,
        1,
        0,
        0,
        null,
        null,
        null,
        null,
        1,
        0,
        0,
        0,
        null,
        null,
        null,
        null
      ],
      "/Users/joscas/projects2/base_app/app/controllers/omniauth_callbacks_controller.rb": [
        1,
        1,
        0,
        null,
        null,
        1,
        0,
        null,
        null,
        1,
        0,
        null,
        0,
        0,
        0,
        null,
        0,
        0,
        null,
        0,
        null,
        null,
        null,
        1,
        0,
        0,
        null,
        null
      ],
      "/Users/joscas/projects2/base_app/app/controllers/registrations_controller.rb": [
        1,
        1,
        null,
        1,
        0,
        0,
        0,
        0,
        null,
        null,
        0,
        null,
        null,
        null,
        null,
        1,
        0,
        0,
        0,
        null,
        null,
        0,
        0,
        null,
        null,
        null,
        null
      ],
      "/Users/joscas/projects2/base_app/app/controllers/sessions_controller.rb": [
        1,
        null,
        1,
        0,
        0,
        null,
        null,
        0,
        null,
        0,
        null,
        0,
        0,
        null,
        null,
        null,
        0,
        0,
        0,
        null,
        0,
        null,
        null,
        1,
        0,
        null,
        0,
        0,
        null,
        0,
        0,
        null,
        null,
        1,
        null,
        1,
        0,
        0,
        null,
        null,
        1,
        0,
        0,
        null,
        null,
        1,
        0,
        0,
        null,
        null,
        1,
        0,
        0,
        0,
        null,
        null,
        1,
        0,
        0,
        0,
        0,
        null,
        null,
        null,
        null,
        null
      ],
      "/Users/joscas/projects2/base_app/app/controllers/users_controller.rb": [
        1,
        1,
        1,
        1,
        null,
        1,
        0,
        null,
        null,
        1,
        0,
        null,
        null
      ],
      "/Users/joscas/projects2/base_app/app/serializers/user_serializer.rb": [
        1,
        1,
        null,
        1,
        0,
        null,
        null
      ]
    },
    "timestamp": 1365588410
  },
  "RSpec": {
    "coverage": {
      "/Users/joscas/projects2/base_app/app/models/user.rb": [
        1,
        1,
        null,
        null,
        1,
        null,
        null,
        null,
        null,
        null,
        1,
        null,
        1,
        1,
        null,
        1,
        1,
        null,
        null,
        1,
        1,
        null,
        null,
        1,
        1,
        null,
        null,
        1,
        null,
        null,
        1,
        1,
        1,
        1,
        1,
        null,
        null,
        null,
        null,
        null,
        null,
        null,
        null,
        null,
        null,
        null,
        null,
        null,
        1,
        null,
        1,
        8,
        6,
        null,
        2,
        null,
        6,
        null,
        6,
        6,
        null,
        null,
        null,
        null,
        6,
        null,
        null
      ],
      "/Users/joscas/projects2/base_app/app/controllers/application_controller.rb": [
        1,
        1,
        1,
        null
      ],
      "/Users/joscas/projects2/base_app/app/helpers/application_helper.rb": [
        1,
        null
      ],
      "/Users/joscas/projects2/base_app/app/helpers/auth_helper.rb": [
        1,
        null,
        1,
        3,
        2,
        null,
        null,
        null,
        1,
        2,
        1,
        1,
        null,
        null,
        null,
        null
      ],
      "/Users/joscas/projects2/base_app/app/controllers/omniauth_callbacks_controller.rb": [
        1,
        1,
        4,
        null,
        null,
        1,
        4,
        null,
        null,
        1,
        8,
        null,
        8,
        6,
        6,
        null,
        6,
        6,
        null,
        2,
        null,
        null,
        null,
        1,
        6,
        6,
        null,
        null
      ],
      "/Users/joscas/projects2/base_app/app/controllers/registrations_controller.rb": [
        1,
        1,
        null,
        1,
        2,
        2,
        1,
        1,
        null,
        null,
        1,
        null,
        null,
        null,
        null,
        1,
        5,
        5,
        4,
        null,
        null,
        1,
        1,
        null,
        null,
        null,
        null
      ],
      "/Users/joscas/projects2/base_app/app/controllers/sessions_controller.rb": [
        1,
        null,
        1,
        26,
        1,
        null,
        null,
        25,
        null,
        25,
        null,
        24,
        24,
        null,
        null,
        null,
        24,
        8,
        8,
        null,
        24,
        null,
        null,
        1,
        4,
        null,
        3,
        3,
        null,
        2,
        2,
        null,
        null,
        1,
        null,
        1,
        2,
        2,
        null,
        null,
        1,
        2,
        2,
        null,
        null,
        1,
        8,
        8,
        null,
        null,
        1,
        12,
        12,
        12,
        null,
        null,
        1,
        13,
        13,
        13,
        12,
        null,
        null,
        null,
        null,
        null
      ],
      "/Users/joscas/projects2/base_app/app/controllers/users_controller.rb": [
        1,
        1,
        1,
        1,
        null,
        1,
        1,
        null,
        null,
        1,
        1,
        null,
        null
      ],
      "/Users/joscas/projects2/base_app/app/serializers/user_serializer.rb": [
        1,
        1,
        null,
        1,
        7,
        null,
        null
      ]
    },
    "timestamp": 1365692588
  },
  "Cucumber Features": {
    "coverage": {
      "/Users/joscas/projects2/base_app/app/models/user.rb": [
        1,
        1,
        null,
        null,
        1,
        null,
        null,
        null,
        null,
        null,
        1,
        null,
        1,
        1,
        null,
        1,
        1,
        null,
        null,
        1,
        1,
        null,
        null,
        1,
        1,
        null,
        null,
        1,
        null,
        null,
        1,
        1,
        1,
        1,
        1,
        null,
        null,
        null,
        null,
        null,
        null,
        null,
        null,
        null,
        null,
        null,
        null,
        null,
        1,
        null,
        1,
        0,
        0,
        null,
        0,
        null,
        0,
        null,
        0,
        0,
        null,
        null,
        null,
        null,
        0,
        null,
        null
      ],
      "/Users/joscas/projects2/base_app/app/controllers/application_controller.rb": [
        1,
        1,
        1,
        null
      ],
      "/Users/joscas/projects2/base_app/app/helpers/application_helper.rb": [
        1,
        null
      ],
      "/Users/joscas/projects2/base_app/app/helpers/auth_helper.rb": [
        1,
        null,
        1,
        7,
        0,
        null,
        null,
        null,
        1,
        0,
        0,
        0,
        null,
        null,
        null,
        null
      ],
      "/Users/joscas/projects2/base_app/app/controllers/omniauth_callbacks_controller.rb": [
        1,
        1,
        0,
        null,
        null,
        1,
        0,
        null,
        null,
        1,
        0,
        null,
        0,
        0,
        0,
        null,
        0,
        0,
        null,
        0,
        null,
        null,
        null,
        1,
        0,
        0,
        null,
        null
      ],
      "/Users/joscas/projects2/base_app/app/controllers/registrations_controller.rb": [
        1,
        1,
        null,
        1,
        4,
        4,
        3,
        3,
        null,
        null,
        1,
        null,
        null,
        null,
        null,
        1,
        3,
        3,
        1,
        null,
        null,
        2,
        2,
        null,
        null,
        null,
        null
      ],
      "/Users/joscas/projects2/base_app/app/controllers/sessions_controller.rb": [
        1,
        null,
        1,
        11,
        0,
        null,
        null,
        11,
        null,
        11,
        null,
        10,
        10,
        null,
        null,
        null,
        10,
        1,
        1,
        null,
        10,
        null,
        null,
        1,
        0,
        null,
        0,
        0,
        null,
        0,
        0,
        null,
        null,
        1,
        null,
        1,
        0,
        0,
        null,
        null,
        1,
        1,
        1,
        null,
        null,
        1,
        1,
        1,
        null,
        null,
        1,
        2,
        2,
        2,
        null,
        null,
        1,
        9,
        9,
        8,
        8,
        null,
        null,
        null,
        null,
        null
      ],
      "/Users/joscas/projects2/base_app/app/controllers/users_controller.rb": [
        1,
        1,
        1,
        1,
        null,
        1,
        0,
        null,
        null,
        1,
        7,
        null,
        null
      ],
      "/Users/joscas/projects2/base_app/app/serializers/user_serializer.rb": [
        1,
        1,
        null,
        1,
        11,
        null,
        null
      ]
    },
    "timestamp": 1365707648
  }
}
